<?xml version="1.0" encoding="UTF-8"?>
<testsuite xmlns:xsi="http://www.w3.org/2001/XMLSchema-instance" xsi:noNamespaceSchemaLocation="https://maven.apache.org/surefire/maven-surefire-plugin/xsd/surefire-test-report.xsd" version="3.0.2" name="com.rekai.comp367lab2.Comp367lab2ApplicationTests" time="3.253" tests="1" errors="0" skipped="0" failures="0">
  <properties>
[...]
</properties>
  <testcase name="contextLoads" classname="com.rekai.comp367lab2.Comp367lab2ApplicationTests" time="0.803">
    <system-out><![CDATA[13:43:59.585 [main] INFO org.springframework.test.context.support.AnnotationConfigContextLoaderUtils -- Could not detect default configuration classes for test class [com.rekai.comp367lab2.Comp367lab2ApplicationTests]: Comp367lab2ApplicationTests does not declare any static, non-private, non-final, nested classes annotated with @Configuration.
13:43:59.741 [main] INFO org.springframework.boot.test.context.SpringBootTestContextBootstrapper -- Found @SpringBootConfiguration com.rekai.comp367lab2.Comp367lab2Application for test class com.rekai.comp367lab2.Comp367lab2ApplicationTests

  .   ____          _            __ _ _
 /\\ / ___'_ __ _ _(_)_ __  __ _ \ \ \ \
( ( )\___ | '_ | '_| | '_ \/ _` | \ \ \ \
 \\/  ___)| |_)| | | | | || (_| |  ) ) ) )
  '  |____| .__|_| |_|_| |_\__, | / / / /
 =========|_|==============|___/=/_/_/_/

 :: Spring Boot ::                (v3.4.3)

2025-03-26T13:44:00.261-04:00  INFO 28484 --- [comp367lab2] [           main] c.r.c.Comp367lab2ApplicationTests        : Starting Comp367lab2ApplicationTests using Java 17.0.14 with PID 28484 (started by ncrek in c:\Users\ncrek\Documents\comp367lab3)
2025-03-26T13:44:00.264-04:00  INFO 28484 --- [comp367lab2] [           main] c.r.c.Comp367lab2ApplicationTests        : No active profile set, falling back to 1 default profile: "default"
2025-03-26T13:44:01.770-04:00  INFO 28484 --- [comp367lab2] [           main] c.r.c.Comp367lab2ApplicationTests        : Started Comp367lab2ApplicationTests in 1.849 seconds (process running for 3.056)
]]></system-out>
  </testcase>
</testsuite>